[    0.000000] Linux version 4.15.0-212-generic (buildd@lcy02-amd64-083) (gcc version 7.5.0 (Ubuntu 7.5.0-3ubuntu1~18.04)) #223-Ubuntu SMP Tue May 23 13:09:22 UTC 2023 (Ubuntu 4.15.0-212.223-generic 4.15.18)
[    0.000000] Command line: BOOT_IMAGE=/boot/vmlinuz-4.15.0-212-generic root=LABEL=cloudimg-rootfs ro console=tty1 console=ttyS0
[    0.000000] KERNEL supported cpus:
[    0.000000]   Intel GenuineIntel
[    0.000000]   AMD AuthenticAMD
[    0.000000]   Centaur CentaurHauls
[    0.000000] x86/fpu: x87 FPU will use FXSAVE
[    0.000000] e820: BIOS-provided physical RAM map:
[    0.000000] BIOS-e820: [mem 0x0000000000000000-0x000000000009fbff] usable
[    0.000000] BIOS-e820: [mem 0x000000000009fc00-0x000000000009ffff] reserved
[    0.000000] BIOS-e820: [mem 0x00000000000f0000-0x00000000000fffff] reserved
[    0.000000] BIOS-e820: [mem 0x0000000000100000-0x000000003ffeffff] usable
[    0.000000] BIOS-e820: [mem 0x000000003fff0000-0x000000003fffffff] ACPI data
[    0.000000] BIOS-e820: [mem 0x00000000fec00000-0x00000000fec00fff] reserved
[    0.000000] BIOS-e820: [mem 0x00000000fee00000-0x00000000fee00fff] reserved
[    0.000000] BIOS-e820: [mem 0x00000000fffc0000-0x00000000ffffffff] reserved
[    0.000000] NX (Execute Disable) protection: active
[    0.000000] SMBIOS 2.5 present.
[    0.000000] DMI: innotek GmbH VirtualBox/VirtualBox, BIOS VirtualBox 12/01/2006
[    0.000000] Hypervisor detected: KVM
[    0.000000] e820: last_pfn = 0x3fff0 max_arch_pfn = 0x400000000
[    0.000000] MTRR: Disabled
[    0.000000] x86/PAT: MTRRs disabled, skipping PAT initialization too.
[    0.000000] CPU MTRRs all blank - virtualized system.
[    0.000000] x86/PAT: Configuration [0-7]: WB  WT  UC- UC  WB  WT  UC- UC  
[    0.000000] found SMP MP-table at [mem 0x0009fff0-0x0009ffff]
[    0.000000] Scanning 1 areas for low memory corruption
[    0.000000] RAMDISK: [mem 0x359cb000-0x36cdcfff]
[    0.000000] ACPI: Early table checksum verification disabled
[    0.000000] ACPI: RSDP 0x00000000000E0000 000024 (v02 VBOX  )
[    0.000000] ACPI: XSDT 0x000000003FFF0030 00003C (v01 VBOX   VBOXXSDT 00000001 ASL  00000061)
[    0.000000] ACPI: FACP 0x000000003FFF00F0 0000F4 (v04 VBOX   VBOXFACP 00000001 ASL  00000061)
[    0.000000] ACPI: DSDT 0x000000003FFF0610 002353 (v02 VBOX   VBOXBIOS 00000002 INTL 20100528)
[    0.000000] ACPI: FACS 0x000000003FFF0200 000040
[    0.000000] ACPI: FACS 0x000000003FFF0200 000040
[    0.000000] ACPI: APIC 0x000000003FFF0240 000054 (v02 VBOX   VBOXAPIC 00000001 ASL  00000061)
[    0.000000] ACPI: SSDT 0x000000003FFF02A0 00036C (v01 VBOX   VBOXCPUT 00000002 INTL 20100528)
[    0.000000] ACPI: Reserving FACP table memory at [mem 0x3fff00f0-0x3fff01e3]
[    0.000000] ACPI: Reserving DSDT table memory at [mem 0x3fff0610-0x3fff2962]
[    0.000000] ACPI: Reserving FACS table memory at [mem 0x3fff0200-0x3fff023f]
[    0.000000] ACPI: Reserving FACS table memory at [mem 0x3fff0200-0x3fff023f]
[    0.000000] ACPI: Reserving APIC table memory at [mem 0x3fff0240-0x3fff0293]
[    0.000000] ACPI: Reserving SSDT table memory at [mem 0x3fff02a0-0x3fff060b]
[    0.000000] No NUMA configuration found
[    0.000000] Faking a node at [mem 0x0000000000000000-0x000000003ffeffff]
[    0.000000] NODE_DATA(0) allocated [mem 0x3ffc5000-0x3ffeffff]
[    0.000000] kvm-clock: cpu 0, msr 0:3ff44001, primary cpu clock
[    0.000000] kvm-clock: Using msrs 4b564d01 and 4b564d00
[    0.000000] kvm-clock: using sched offset of 3556011577 cycles
[    0.000000] clocksource: kvm-clock: mask: 0xffffffffffffffff max_cycles: 0x1cd42e4dffb, max_idle_ns: 881590591483 ns
[    0.000000] Zone ranges:
[    0.000000]   DMA      [mem 0x0000000000001000-0x0000000000ffffff]
[    0.000000]   DMA32    [mem 0x0000000001000000-0x000000003ffeffff]
[    0.000000]   Normal   empty
[    0.000000]   Device   empty
[    0.000000] Movable zone start for each node
[    0.000000] Early memory node ranges
[    0.000000]   node   0: [mem 0x0000000000001000-0x000000000009efff]
[    0.000000]   node   0: [mem 0x0000000000100000-0x000000003ffeffff]
[    0.000000] Reserved but unavailable: 104 pages
[    0.000000] Initmem setup node 0 [mem 0x0000000000001000-0x000000003ffeffff]
[    0.000000] ACPI: PM-Timer IO Port: 0x4008
[    0.000000] IOAPIC[0]: apic_id 1, version 32, address 0xfec00000, GSI 0-23
[    0.000000] ACPI: INT_SRC_OVR (bus 0 bus_irq 0 global_irq 2 dfl dfl)
[    0.000000] ACPI: INT_SRC_OVR (bus 0 bus_irq 9 global_irq 9 low level)
[    0.000000] Using ACPI (MADT) for SMP configuration information
[    0.000000] smpboot: Allowing 1 CPUs, 0 hotplug CPUs
[    0.000000] PM: Registered nosave memory: [mem 0x00000000-0x00000fff]
[    0.000000] PM: Registered nosave memory: [mem 0x0009f000-0x0009ffff]
[    0.000000] PM: Registered nosave memory: [mem 0x000a0000-0x000effff]
[    0.000000] PM: Registered nosave memory: [mem 0x000f0000-0x000fffff]
[    0.000000] e820: [mem 0x40000000-0xfebfffff] available for PCI devices
[    0.000000] Booting paravirtualized kernel on KVM
[    0.000000] clocksource: refined-jiffies: mask: 0xffffffff max_cycles: 0xffffffff, max_idle_ns: 7645519600211568 ns
[    0.000000] setup_percpu: NR_CPUS:8192 nr_cpumask_bits:1 nr_cpu_ids:1 nr_node_ids:1
[    0.000000] percpu: Embedded 50 pages/cpu s167936 r8192 d28672 u2097152
[    0.000000] PV qspinlock hash table entries: 256 (order: 0, 4096 bytes)
[    0.000000] Built 1 zonelists, mobility grouping on.  Total pages: 257913
[    0.000000] Policy zone: DMA32
[    0.000000] Kernel command line: BOOT_IMAGE=/boot/vmlinuz-4.15.0-212-generic root=LABEL=cloudimg-rootfs ro console=tty1 console=ttyS0
[    0.000000] Memory: 982844K/1048120K available (12300K kernel code, 2477K rwdata, 4324K rodata, 2480K init, 2720K bss, 65276K reserved, 0K cma-reserved)
[    0.000000] SLUB: HWalign=64, Order=0-3, MinObjects=0, CPUs=1, Nodes=1
[    0.000000] ftrace: allocating 39508 entries in 155 pages
[    0.004000] Hierarchical RCU implementation.
[    0.004000] 	RCU restricting CPUs from NR_CPUS=8192 to nr_cpu_ids=1.
[    0.004000] 	Tasks RCU enabled.
[    0.004000] RCU: Adjusting geometry for rcu_fanout_leaf=16, nr_cpu_ids=1
[    0.004000] NR_IRQS: 524544, nr_irqs: 256, preallocated irqs: 16
[    0.004000] random: crng init done
[    0.004000] Console: colour VGA+ 80x25
[    0.004000] console [tty1] enabled
[    0.004000] console [ttyS0] enabled
[    0.004000] ACPI: Core revision 20170831
[    0.004000] ACPI: 2 ACPI AML tables successfully acquired and loaded
[    0.004000] APIC: Switch to symmetric I/O mode setup
[    0.004000] ..TIMER: vector=0x30 apic1=0 pin1=2 apic2=-1 pin2=-1
[    0.008004] tsc: Detected 2496.008 MHz processor
[    0.011359] Calibrating delay loop (skipped) preset value.. 4992.01 BogoMIPS (lpj=9984032)
[    0.012004] pid_max: default: 32768 minimum: 301
[    0.016053] Security Framework initialized
[    0.020003] Yama: becoming mindful.
[    0.023215] AppArmor: AppArmor initialized
[    0.027208] Dentry cache hash table entries: 131072 (order: 8, 1048576 bytes)
[    0.029675] Inode-cache hash table entries: 65536 (order: 7, 524288 bytes)
[    0.032080] Mount-cache hash table entries: 2048 (order: 2, 16384 bytes)
[    0.036068] Mountpoint-cache hash table entries: 2048 (order: 2, 16384 bytes)
[    0.041906] Last level iTLB entries: 4KB 64, 2MB 8, 4MB 8
[    0.044017] Last level dTLB entries: 4KB 64, 2MB 0, 4MB 0, 1GB 4
[    0.048003] Spectre V1 : Mitigation: usercopy/swapgs barriers and __user pointer sanitization
[    0.052003] Spectre V2 : Mitigation: Enhanced IBRS
[    0.056002] Spectre V2 : Spectre v2 / SpectreRSB mitigation: Filling RSB on context switch
[    0.060002] Spectre V2 : Spectre v2 / PBRSB-eIBRS: Retire a single CALL on VMEXIT
[    0.064002] RETBleed: Mitigation: Enhanced IBRS
[    0.068002] Speculative Store Bypass: Vulnerable
[    0.072060] MMIO Stale Data: Vulnerable: Clear CPU buffers attempted, no microcode
[    0.076003] SRBDS: Unknown: Dependent on hypervisor status
[    0.084000] Freeing SMP alternatives memory: 36K
[    0.196306] smpboot: CPU0: Intel(R) Core(TM) i5-10300H CPU @ 2.50GHz (family: 0x6, model: 0xa5, stepping: 0x2)
[    0.200386] Performance Events: unsupported p6 CPU model 165 no PMU driver, software events only.
[    0.204118] Hierarchical SRCU implementation.
[    0.208720] NMI watchdog: Perf event create on CPU 0 failed with -2
[    0.212002] NMI watchdog: Perf NMI watchdog permanently disabled
[    0.216355] smp: Bringing up secondary CPUs ...
[    0.220006] smp: Brought up 1 node, 1 CPU
[    0.224003] smpboot: Max logical packages: 1
[    0.228003] smpboot: Total of 1 processors activated (4992.01 BogoMIPS)
[    0.232286] devtmpfs: initialized
[    0.236078] x86/mm: Memory block size: 128MB
[    0.239331] evm: security.selinux
[    0.240060] evm: security.SMACK64
[    0.244002] evm: security.SMACK64EXEC
[    0.246740] evm: security.SMACK64TRANSMUTE
[    0.248002] evm: security.SMACK64MMAP
[    0.252002] evm: security.apparmor
[    0.254566] evm: security.ima
[    0.256002] evm: security.capability
[    0.260254] clocksource: jiffies: mask: 0xffffffff max_cycles: 0xffffffff, max_idle_ns: 7645041785100000 ns
[    0.264012] futex hash table entries: 256 (order: 2, 16384 bytes)
[    0.268168] pinctrl core: initialized pinctrl subsystem
[    0.276002] RTC time:  0:16:35, date: 08/05/24
[    0.279496] NET: Registered protocol family 16
[    0.280103] audit: initializing netlink subsys (disabled)
[    0.284519] cpuidle: using governor ladder
[    0.288004] audit: type=2000 audit(1722816999.799:1): state=initialized audit_enabled=0 res=1
[    0.292004] cpuidle: using governor menu
[    0.294814] ACPI: bus type PCI registered
[    0.296003] acpiphp: ACPI Hot Plug PCI Controller Driver version: 0.5
[    0.300417] PCI: Using configuration type 1 for base access
[    0.308379] HugeTLB registered 2.00 MiB page size, pre-allocated 0 pages
[    0.312701] ACPI: Added _OSI(Module Device)
[    0.316005] ACPI: Added _OSI(Processor Device)
[    0.320002] ACPI: Added _OSI(3.0 _SCP Extensions)
[    0.324002] ACPI: Added _OSI(Processor Aggregator Device)
[    0.328012] ACPI: Added _OSI(Linux-Dell-Video)
[    0.331104] ACPI: Added _OSI(Linux-Lenovo-NV-HDMI-Audio)
[    0.332002] ACPI: Added _OSI(Linux-HPI-Hybrid-Graphics)
[    0.336707] ACPI: Executed 1 blocks of module-level executable AML code
[    0.344296] ACPI: Interpreter enabled
[    0.346897] ACPI: (supports S0 S5)
[    0.348002] ACPI: Using IOAPIC for interrupt routing
[    0.352380] PCI: Using host bridge windows from ACPI; if necessary, use "pci=nocrs" and report a bug
[    0.356225] ACPI: Enabled 2 GPEs in block 00 to 07
[    0.372746] ACPI: PCI Root Bridge [PCI0] (domain 0000 [bus 00-ff])
[    0.376006] acpi PNP0A03:00: _OSC: OS supports [ASPM ClockPM Segments MSI]
[    0.380630] acpi PNP0A03:00: _OSC: not requesting OS control; OS requires [ExtendedConfig ASPM ClockPM MSI]
[    0.384032] acpi PNP0A03:00: fail to add MMCONFIG information, can't access extended PCI configuration space under this bridge.
[    0.388843] PCI host bridge to bus 0000:00
[    0.392004] pci_bus 0000:00: root bus resource [io  0x0000-0x0cf7 window]
[    0.396003] pci_bus 0000:00: root bus resource [io  0x0d00-0xffff window]
[    0.400003] pci_bus 0000:00: root bus resource [mem 0x000a0000-0x000bffff window]
[    0.404003] pci_bus 0000:00: root bus resource [mem 0x40000000-0xfdffffff window]
[    0.408004] pci_bus 0000:00: root bus resource [bus 00-ff]
[    0.417977] pci 0000:00:01.1: legacy IDE quirk: reg 0x10: [io  0x01f0-0x01f7]
[    0.420002] pci 0000:00:01.1: legacy IDE quirk: reg 0x14: [io  0x03f6]
[    0.424003] pci 0000:00:01.1: legacy IDE quirk: reg 0x18: [io  0x0170-0x0177]
[    0.428002] pci 0000:00:01.1: legacy IDE quirk: reg 0x1c: [io  0x0376]
[    0.451564] pci 0000:00:07.0: quirk: [io  0x4000-0x403f] claimed by PIIX4 ACPI
[    0.452031] pci 0000:00:07.0: quirk: [io  0x4100-0x410f] claimed by PIIX4 SMB
[    0.466024] ACPI: PCI Interrupt Link [LNKA] (IRQs 5 9 10 *11)
[    0.468484] ACPI: PCI Interrupt Link [LNKB] (IRQs 5 9 *10 11)
[    0.476093] ACPI: PCI Interrupt Link [LNKC] (IRQs 5 *9 10 11)
[    0.480182] ACPI: PCI Interrupt Link [LNKD] (IRQs 5 9 10 *11)
[    0.484650] SCSI subsystem initialized
[    0.488215] pci 0000:00:02.0: vgaarb: setting as boot VGA device
[    0.492000] pci 0000:00:02.0: vgaarb: VGA device added: decodes=io+mem,owns=io+mem,locks=none
[    0.492004] pci 0000:00:02.0: vgaarb: bridge control possible
[    0.496003] vgaarb: loaded
[    0.498049] ACPI: bus type USB registered
[    0.500017] usbcore: registered new interface driver usbfs
[    0.504010] usbcore: registered new interface driver hub
[    0.508034] usbcore: registered new device driver usb
[    0.512159] EDAC MC: Ver: 3.0.0
[    0.516693] PCI: Using ACPI for IRQ routing
[    0.520526] NetLabel: Initializing
[    0.522876] NetLabel:  domain hash size = 128
[    0.524002] NetLabel:  protocols = UNLABELED CIPSOv4 CALIPSO
[    0.528089] NetLabel:  unlabeled traffic allowed by default
[    0.532183] clocksource: Switched to clocksource kvm-clock
[    0.568050] VFS: Disk quotas dquot_6.6.0
[    0.576202] VFS: Dquot-cache hash table entries: 512 (order 0, 4096 bytes)
[    0.581690] AppArmor: AppArmor Filesystem Enabled
[    0.585180] pnp: PnP ACPI init
[    0.589507] pnp: PnP ACPI: found 3 devices
[    0.600223] clocksource: acpi_pm: mask: 0xffffff max_cycles: 0xffffff, max_idle_ns: 2085701024 ns
[    0.606918] NET: Registered protocol family 2
[    0.610527] IP idents hash table entries: 16384 (order: 5, 131072 bytes)
[    0.616053] TCP established hash table entries: 8192 (order: 4, 65536 bytes)
[    0.621154] TCP bind hash table entries: 8192 (order: 5, 131072 bytes)
[    0.626727] TCP: Hash tables configured (established 8192 bind 8192)
[    0.631591] UDP hash table entries: 512 (order: 2, 16384 bytes)
[    0.636013] UDP-Lite hash table entries: 512 (order: 2, 16384 bytes)
[    0.640649] NET: Registered protocol family 1
[    0.643849] pci 0000:00:00.0: Limiting direct PCI/PCI transfers
[    0.648168] pci 0000:00:01.0: Activating ISA DMA hang workarounds
[    0.652859] pci 0000:00:02.0: Video device with shadowed ROM at [mem 0x000c0000-0x000dffff]
[    0.659309] Unpacking initramfs...
[    1.086204] Freeing initrd memory: 19528K
[    1.096128] clocksource: tsc: mask: 0xffffffffffffffff max_cycles: 0x23fa7ec29e6, max_idle_ns: 440795214074 ns
[    1.103143] platform rtc_cmos: registered platform RTC device (no PNP device found)
[    1.108663] Scanning for low memory corruption every 60 seconds
[    1.113624] Initialise system trusted keyrings
[    1.116921] Key type blacklist registered
[    1.119759] workingset: timestamp_bits=36 max_order=18 bucket_order=0
[    1.126161] zbud: loaded
[    1.128788] squashfs: version 4.0 (2009/01/31) Phillip Lougher
[    1.133146] fuse init (API version 7.26)
[    1.136659] Key type asymmetric registered
[    1.139548] Asymmetric key parser 'x509' registered
[    1.143193] Block layer SCSI generic (bsg) driver version 0.4 loaded (major 246)
[    1.148632] io scheduler noop registered
[    1.151356] io scheduler deadline registered
[    1.154614] io scheduler cfq registered (default)
[    1.158616] ACPI: AC Adapter [AC] (on-line)
[    1.161681] input: Power Button as /devices/LNXSYSTM:00/LNXPWRBN:00/input/input0
[    1.166810] ACPI: Power Button [PWRF]
[    1.169541] input: Sleep Button as /devices/LNXSYSTM:00/LNXSLPBN:00/input/input1
[    1.175094] ACPI: Sleep Button [SLPF]
[    1.179219] ACPI: Battery Slot [BAT0] (battery present)
[    1.183214] Serial: 8250/16550 driver, 32 ports, IRQ sharing enabled
[    1.218235] 00:02: ttyS0 at I/O 0x3f8 (irq = 4, base_baud = 115200) is a 16550A
[    1.226190] Linux agpgart interface v0.103
[    1.231016] loop: module loaded
[    1.234784] scsi host0: ata_piix
[    1.237584] scsi host1: ata_piix
[    1.239924] ata1: PATA max UDMA/33 cmd 0x1f0 ctl 0x3f6 bmdma 0xd000 irq 14
[    1.244771] ata2: PATA max UDMA/33 cmd 0x170 ctl 0x376 bmdma 0xd008 irq 15
[    1.251101] tun: Universal TUN/TAP device driver, 1.6
[    1.255570] PPP generic driver version 2.4.2
[    1.259161] ehci_hcd: USB 2.0 'Enhanced' Host Controller (EHCI) Driver
[    1.263769] ehci-pci: EHCI PCI platform driver
[    1.267158] ehci-platform: EHCI generic platform driver
[    1.271070] ohci_hcd: USB 1.1 'Open' Host Controller (OHCI) Driver
[    1.275665] ohci-pci: OHCI PCI platform driver
[    1.279446] ohci-platform: OHCI generic platform driver
[    1.283195] uhci_hcd: USB Universal Host Controller Interface driver
[    1.287846] i8042: PNP: PS/2 Controller [PNP0303:PS2K,PNP0f03:PS2M] at 0x60,0x64 irq 1,12
[    1.296689] serio: i8042 KBD port at 0x60,0x64 irq 1
[    1.300281] serio: i8042 AUX port at 0x60,0x64 irq 12
[    1.303843] mousedev: PS/2 mouse device common for all mice
[    1.309043] input: AT Translated Set 2 keyboard as /devices/platform/i8042/serio0/input/input2
[    1.315918] rtc_cmos rtc_cmos: rtc core: registered rtc_cmos as rtc0
[    1.322190] rtc_cmos rtc_cmos: alarms up to one day, 114 bytes nvram
[    1.326757] i2c /dev entries driver
[    1.329491] device-mapper: uevent: version 1.0.3
[    1.332908] device-mapper: ioctl: 4.37.0-ioctl (2017-09-20) initialised: dm-devel@redhat.com
[    1.339043] ledtrig-cpu: registered to indicate activity on CPUs
[    1.343683] NET: Registered protocol family 10
[    1.350573] Segment Routing with IPv6
[    1.353357] NET: Registered protocol family 17
[    1.356895] Key type dns_resolver registered
[    1.360021] mce: Using 0 MCE banks
[    1.362657] RAS: Correctable Errors collector initialized.
[    1.367195] sched_clock: Marking stable (1367141184, 0)->(1959123484, -591982300)
[    1.372619] registered taskstats version 1
[    1.375539] Loading compiled-in X.509 certificates
[    1.381311] Loaded X.509 cert 'Build time autogenerated kernel key: b5b26778eaa3ab3a4a6cee031137706e947d12ad'
[    1.388632] Loaded X.509 cert 'Canonical Ltd. Live Patch Signing: 14df34d1a87cf37625abec039ef2bf521249b969'
[    1.396397] Loaded X.509 cert 'Canonical Ltd. Kernel Module Signing: 88f752e560a1e0737e31163a466ad7b70a850c19'
[    1.403541] blacklist: Loading compiled-in revocation X.509 certificates
[    1.455182] Loaded X.509 cert 'Canonical Ltd. Secure Boot Signing: 61482aa2830d0ab2ad5af10b7250da9033ddcef0'
[    1.463294] Loaded X.509 cert 'Canonical Ltd. Secure Boot Signing (2017): 242ade75ac4a15e50d50c84b0d45ff3eae707a03'
[    1.472225] Loaded X.509 cert 'Canonical Ltd. Secure Boot Signing (ESM 2018): 365188c1d374d6b07c3c8f240f8ef722433d6a8b'
[    1.479750] Loaded X.509 cert 'Canonical Ltd. Secure Boot Signing (2019): c0746fd6c5da3ae827864651ad66ae47fe24b3e8'
[    1.487151] Loaded X.509 cert 'Canonical Ltd. Secure Boot Signing (2021 v1): a8d54bbb3825cfb94fa13c9f8a594a195c107b8d'
[    1.494495] Loaded X.509 cert 'Canonical Ltd. Secure Boot Signing (2021 v2): 4cf046892d6fd3c9a5b03f98d845f90851dc6a8c'
[    1.501964] Loaded X.509 cert 'Canonical Ltd. Secure Boot Signing (2021 v3): 100437bb6de6e469b581e61cd66bce3ef4ed53af'
[    1.509651] Loaded X.509 cert 'Canonical Ltd. Secure Boot Signing (Ubuntu Core 2019): c1d57b8f6b743f23ee41f4f7ee292f06eecadfb9'
[    1.517485] zswap: loaded using pool lzo/zbud
[    1.523910] Key type big_key registered
[    1.526882] Key type trusted registered
[    1.531827] Key type encrypted registered
[    1.535281] AppArmor: AppArmor sha1 policy hashing enabled
[    1.539729] ima: No TPM chip found, activating TPM-bypass! (rc=-19)
[    1.544273] ima: Allocated hash algorithm: sha1
[    1.547548] evm: HMAC attrs: 0x1
[    1.550723]   Magic number: 4:104:253
[    1.553684] rtc_cmos rtc_cmos: setting system clock to 2024-08-05 00:16:36 UTC (1722816996)
[    1.559806] BIOS EDD facility v0.16 2004-Jun-25, 0 devices found
[    1.564045] EDD information not available.
[    1.569846] Freeing unused kernel image memory: 2480K
[    1.580127] Write protecting the kernel read-only data: 20480k
[    1.584923] Freeing unused kernel image memory: 2008K
[    1.589316] Freeing unused kernel image memory: 1820K
[    1.599189] x86/mm: Checked W+X mappings: passed, no W+X pages found.
Loading, please wait...
starting version 237
[    1.696072] e1000: Intel(R) PRO/1000 Network Driver - version 7.3.21-k8-NAPI
[    1.701715] e1000: Copyright (c) 1999-2006 Intel Corporation.
[    1.710864] Fusion MPT base driver 3.04.20
[    1.714213] Copyright (c) 1999-2008 LSI Corporation
[    1.738381] SSE version of gcm_enc/dec engaged.
[    1.776948] Fusion MPT SPI Host driver 3.04.20
[    1.965135] input: ImExPS/2 Generic Explorer Mouse as /devices/platform/i8042/serio1/input/input4
[    2.396705] e1000 0000:00:03.0 eth0: (PCI:33MHz:32-bit) 02:3b:7b:b7:3b:2d
[    2.401580] e1000 0000:00:03.0 eth0: Intel(R) PRO/1000 Network Connection
[    2.407468] mptbase: ioc0: Initiating bringup
[    2.518753] ioc0: LSI53C1030 A0: Capabilities={Initiator}
[    2.778311] scsi host2: ioc0: LSI53C1030 A0, FwRev=00000000h, Ports=1, MaxQ=256, IRQ=20
[    2.956965] scsi 2:0:0:0: Direct-Access     VBOX     HARDDISK         1.0  PQ: 0 ANSI: 5
[    2.968234] scsi target2:0:0: Beginning Domain Validation
[    2.977514] scsi target2:0:0: Domain Validation skipping write tests
[    2.981863] scsi target2:0:0: Ending Domain Validation
[    2.986340] scsi target2:0:0: asynchronous
[    2.990599] scsi 2:0:1:0: Direct-Access     VBOX     HARDDISK         1.0  PQ: 0 ANSI: 5
[    2.997059] scsi target2:0:1: Beginning Domain Validation
[    3.011675] scsi target2:0:1: Domain Validation skipping write tests
[    3.016542] scsi target2:0:1: Ending Domain Validation
[    3.035734] scsi target2:0:1: asynchronous
[    3.133690] sd 2:0:0:0: [sda] 83886080 512-byte logical blocks: (42.9 GB/40.0 GiB)
[    3.139642] sd 2:0:0:0: Attached scsi generic sg0 type 0
[    3.151244] sd 2:0:1:0: Attached scsi generic sg1 type 0
[    3.155607] sd 2:0:0:0: [sda] Write Protect is off
[    3.159301] sd 2:0:1:0: [sdb] 20480 512-byte logical blocks: (10.5 MB/10.0 MiB)
[    3.172038] sd 2:0:1:0: [sdb] Write Protect is off
[    3.175959] sd 2:0:0:0: [sda] Incomplete mode parameter data
[    3.180216] sd 2:0:0:0: [sda] Assuming drive cache: write through
[    3.185049] sd 2:0:1:0: [sdb] Incomplete mode parameter data
[    3.189534] sd 2:0:1:0: [sdb] Assuming drive cache: write through
[    3.211133]  sda: sda1
[    3.218100] sd 2:0:0:0: [sda] Attached SCSI disk
[    3.221856] sd 2:0:1:0: [sdb] Attached SCSI disk
[    3.684584] e1000 0000:00:08.0 eth1: (PCI:33MHz:32-bit) 08:00:27:8d:6a:39
[    3.690259] e1000 0000:00:08.0 eth1: Intel(R) PRO/1000 Network Connection
[    3.696597] e1000 0000:00:08.0 enp0s8: renamed from eth1
[    3.712703] e1000 0000:00:03.0 enp0s3: renamed from eth0
Begin: Loading essential drivers ... [    5.652043] raid6: sse2x1   gen() 13073 MB/s
[    5.712271] raid6: sse2x1   xor()  9274 MB/s
[    5.764511] raid6: sse2x2   gen() 15953 MB/s
[    5.828098] raid6: sse2x2   xor() 12858 MB/s
[    5.880708] raid6: sse2x4   gen() 17771 MB/s
[    5.932049] raid6: sse2x4   xor() 10410 MB/s
[    5.935800] raid6: using algorithm sse2x4 gen() 17771 MB/s
[    5.939728] raid6: .... xor() 10410 MB/s, rmw enabled
[    5.943388] raid6: using ssse3x2 recovery algorithm
[    5.948555] xor: measuring software checksum speed
[    6.056045]    prefetch64-sse: 62546.000 MB/sec
[    6.160079]    generic_sse: 59097.000 MB/sec
[    6.164115] xor: using function: prefetch64-sse (62546.000 MB/sec)
[    6.170371] async_tx: api initialized (async)
done.
Begin: Running /scripts/init-premount ... done.
Begin: Mounting root file system ... Begin: Running /scripts/local-top ... done.
Begin: Running /scripts/local-premount ... [    6.226099] Btrfs loaded, crc32c=crc32c-intel
Scanning for Btrfs filesystems
done.
Warning: fsck not present, so skipping root file system
[    6.271704] EXT4-fs (sda1): mounted filesystem with ordered data mode. Opts: (null)
done.
Begin: Running /scripts/local-bottom ... done.
Begin: Running /scripts/init-bottom ... done.
[    6.483008] ip_tables: (C) 2000-2006 Netfilter Core Team
[    6.501289] systemd[1]: systemd 237 running in system mode. (+PAM +AUDIT +SELINUX +IMA +APPARMOR +SMACK +SYSVINIT +UTMP +LIBCRYPTSETUP +GCRYPT +GNUTLS +ACL +XZ +LZ4 +SECCOMP +BLKID +ELFUTILS +KMOD -IDN2 +IDN -PCRE2 default-hierarchy=hybrid)
[    6.515738] systemd[1]: Detected virtualization oracle.
[    6.519480] systemd[1]: Detected architecture x86-64.

Welcome to [1mUbuntu 18.04.6 LTS[0m!

[    6.527795] systemd[1]: Set hostname to <ubuntu>.
[    6.536572] systemd[1]: Initializing machine ID from random generator.
[    6.541316] systemd[1]: Installed transient /etc/machine-id file.
[    6.824454] systemd[1]: Created slice System Slice.
[[0;32m  OK  [0m] Created slice System Slice.
[    6.831331] systemd[1]: Listening on Syslog Socket.
[[0;32m  OK  [0m] Listening on Syslog Socket.
[    6.838336] systemd[1]: Created slice system-serial\x2dgetty.slice.
[[0;32m  OK  [0m] Created slice system-serial\x2dgetty.slice.
[    6.846342] systemd[1]: Reached target User and Group Name Lookups.
[[0;32m  OK  [0m] Reached target User and Group Name Lookups.
[[0;32m  OK  [0m] Listening on udev Kernel Socket.
[[0;32m  OK  [0m] Listening on LVM2 metadata daemon socket.
[[0;32m  OK  [0m] Created slice User and Session Slice.
[[0;32m  OK  [0m] Reached target Slices.
[[0;32m  OK  [0m] Listening on Journal Socket (/dev/log).
[[0;32m  OK  [0m] Started Forward Password Requests to Wall Directory Watch.
[[0;32m  OK  [0m] Listening on Journal Socket.
         Starting Load Kernel Modules...
         Mounting POSIX Message Queue File System...
         Mounting Huge Pages File System...
[    6.896016] Loading iSCSI transport class v2.0-870.
[[0;32m  OK  [0m] Listening on Device-mapper event daemon FIFOs.
         Starting Monitoring of LVM2 mirrors…ng dmeventd or progress polling...
[[0;32m  OK  [0m] Listening on LVM2 poll daemon socket.
[[0;32m  OK  [0m] Listening on Network Service Netlink Socket.
[[0;32m  OK  [0m] Reached target Swap.
         Mounting Kernel Debug File System...
         Starting Create list of required st…ce nodes for the current kernel...
[[0;32m  OK  [0m] Listening on fsck to fsckd communication Socket.
[    6.956401] iscsi: registered transport (tcp)
         Starting File System Check on Root Device...
         Starting Set the console keyboard layout...
[[0;32m  OK  [0m] Reached target System Time Synchronized.
[[0;32m  OK  [0m] Set up automount Arbitrary Executab…rmats File System Automount Point.
[    7.003866] iscsi: registered transport (iser)
[[0;32m  OK  [0m] Listening on /dev/initctl Compatibility Named Pipe.
         Starting Uncomplicated firewall...
[[0;32m  OK  [0m] Listening on udev Control Socket.
         Starting udev Coldplug all Devices...
[[0;32m  OK  [0m] Listening on Journal Audit Socket.
         Starting Journal Service...
[[0;32m  OK  [0m] Reached target Mounting snaps.
[[0;32m  OK  [0m] Reached target Mounted snaps.
[[0;32m  OK  [0m] Started Load Kernel Modules.
[[0;32m  OK  [0m] Mounted POSIX Message Queue File System.
[[0;32m  OK  [0m] Mounted Huge Pages File System.
[[0;32m  OK  [0m] Mounted Kernel Debug File System.
[[0;32m  OK  [0m] Started Create list of required sta…vice nodes for the current kernel.
[[0;32m  OK  [0m] Started Journal Service.
[[0;32m  OK  [0m] Started File System Check on Root Device.
[[0;32m  OK  [0m] Started Uncomplicated firewall.
[[0;32m  OK  [0m] Started LVM2 metadata daemon.
[[0;32m  OK  [0m] Started File System Check Daemon to report status.
         Starting Remount Root and Kernel File Systems...
         Starting Create Static Device Nodes in /dev...
         Mounting Kernel Configuration File System...
         Mounting FUSE Control File System...
         Starting Apply Kernel Variables...
[[0;32m  OK  [0m] Mounted FUSE Control File System.
[[0;32m  OK  [0m] Mounted Kernel Configuration File System.
[[0;32m  OK  [0m] Started udev Coldplug all Devices.
[[0;32m  OK  [0m] Started Create Static Device Nodes in /dev.
[[0;32m  OK  [0m] Started Remount Root and Kernel File Systems.
[[0;32m  OK  [0m] Started Apply Kernel Variables.
[[0;32m  OK  [0m] Started Monitoring of LVM2 mirrors,…sing dmeventd or progress polling.
         Starting Flush Journal to Persistent Storage...
         Starting udev Kernel Device Manager...
         Starting Load/Save Random Seed...
[[0;32m  OK  [0m] Started udev Kernel Device Manager.
[[0;32m  OK  [0m] Started Load/Save Random Seed.
[[0;32m  OK  [0m] Started Flush Journal to Persistent Storage.
[[0;32m  OK  [0m] Found device /dev/ttyS0.
[[0;32m  OK  [0m] Listening on Load/Save RF Kill Switch Status /dev/rfkill Watch.
[[0;32m  OK  [0m] Started Set the console keyboard layout.
[[0;32m  OK  [0m] Reached target Local File Systems (Pre).
[[0;32m  OK  [0m] Reached target Local File Systems.
         Starting AppArmor initialization...
         Starting Tell Plymouth To Write Out Runtime Data...
         Starting Create Volatile Files and Directories...
         Starting Commit a transient machine-id on disk...
         Starting ebtables ruleset management...
         Starting Set console font and keymap...
[[0;32m  OK  [0m] Started Dispatch Password Requests to Console Directory Watch.
[[0;32m  OK  [0m] Reached target Local Encrypted Volumes.
[[0;32m  OK  [0m] Started Tell Plymouth To Write Out Runtime Data.
[[0;32m  OK  [0m] Started Create Volatile Files and Directories.
[[0;32m  OK  [0m] Started Commit a transient machine-id on disk.
         Mounting Arbitrary Executable File Formats File System...
         Starting Update UTMP about System Boot/Shutdown...
[[0;32m  OK  [0m] Started Update UTMP about System Boot/Shutdown.
[[0;32m  OK  [0m] Mounted Arbitrary Executable File Formats File System.
[[0;32m  OK  [0m] Started ebtables ruleset management.
[[0;32m  OK  [0m] Started AppArmor initialization.
         Starting Load AppArmor profiles managed internally by snapd...
         Starting Initial cloud-init job (pre-networking)...
[[0;32m  OK  [0m] Started Load AppArmor profiles managed internally by snapd.
[[0;32m  OK  [0m] Started Set console font and keymap.
[   11.620896] cloud-init[776]: Cloud-init v. 23.1.2-0ubuntu0~18.04.1 running 'init-local' at Mon, 05 Aug 2024 00:16:46 +0000. Up 11.33 seconds.
[[0;32m  OK  [0m] Started Initial cloud-init job (pre-networking).
[[0;32m  OK  [0m] Reached target Network (Pre).
         Starting Network Service...
[[0;32m  OK  [0m] Started Network Service.
         Starting Network Name Resolution...
         Starting Wait for Network to be Configured...
[[0;32m  OK  [0m] Started Network Name Resolution.
[[0;32m  OK  [0m] Reached target Network.
[[0;32m  OK  [0m] Reached target Host and Network Name Lookups.
[[0;32m  OK  [0m] Started Wait for Network to be Configured.
         Starting Initial cloud-init job (metadata service crawler)...
[   13.614931] cloud-init[901]: Cloud-init v. 23.1.2-0ubuntu0~18.04.1 running 'init' at Mon, 05 Aug 2024 00:16:48 +0000. Up 13.51 seconds.
[   13.628606] cloud-init[901]: ci-info: ++++++++++++++++++++++++++++++++++++++Net device info+++++++++++++++++++++++++++++++++++++++
[   13.639350] cloud-init[901]: ci-info: +--------+-------+----------------------------+---------------+--------+-------------------+
[   13.646169] cloud-init[901]: ci-info: | Device |   Up  |          Address           |      Mask     | Scope  |     Hw-Address    |
[   13.658486] cloud-init[901]: ci-info: +--------+-------+----------------------------+---------------+--------+-------------------+
[   13.672337] cloud-init[901]: ci-info: | enp0s3 |  True |         10.0.2.15          | 255.255.255.0 | global | 02:3b:7b:b7:3b:2d |
[   13.682987] cloud-init[901]: ci-info: | enp0s3 |  True | fe80::3b:7bff:feb7:3b2d/64 |       .       |  link  | 02:3b:7b:b7:3b:2d |
[   13.694150] cloud-init[901]: ci-info: | enp0s8 | False |             .              |       .       |   .    | 08:00:27:8d:6a:39 |
[   13.701105] cloud-init[901]: ci-info: |   lo   |  True |         127.0.0.1          |   255.0.0.0   |  host  |         .         |
[   13.708295] cloud-init[901]: ci-info: |   lo   |  True |          ::1/128           |       .       |  host  |         .         |
[   13.720397] cloud-init[901]: ci-info: +--------+-------+----------------------------+---------------+--------+-------------------+
[   13.728750] cloud-init[901]: ci-info: ++++++++++++++++++++++++++++Route IPv4 info+++++++++++++++++++++++++++++
[   13.735561] cloud-init[901]: ci-info: +-------+-------------+----------+-----------------+-----------+-------+
[   13.741629] cloud-init[901]: ci-info: | Route | Destination | Gateway  |     Genmask     | Interface | Flags |
[   13.747327] cloud-init[901]: ci-info: +-------+-------------+----------+-----------------+-----------+-------+
[   13.755119] cloud-init[901]: ci-info: |   0   |   0.0.0.0   | 10.0.2.2 |     0.0.0.0     |   enp0s3  |   UG  |
[   13.769713] cloud-init[901]: ci-info: |   1   |   10.0.2.0  | 0.0.0.0  |  255.255.255.0  |   enp0s3  |   U   |
[   13.778294] cloud-init[901]: ci-info: |   2   |   10.0.2.2  | 0.0.0.0  | 255.255.255.255 |   enp0s3  |   UH  |
[   13.787875] cloud-init[901]: ci-info: +-------+-------------+----------+-----------------+-----------+-------+
[   13.796248] cloud-init[901]: ci-info: +++++++++++++++++++Route IPv6 info+++++++++++++++++++
[   13.804443] cloud-init[901]: ci-info: +-------+-------------+---------+-----------+-------+
[   13.811530] cloud-init[901]: ci-info: | Route | Destination | Gateway | Interface | Flags |
[   13.816378] cloud-init[901]: ci-info: +-------+-------------+---------+-----------+-------+
[   13.820805] cloud-init[901]: ci-info: |   1   |  fe80::/64  |    ::   |   enp0s3  |   U   |
[   13.825968] cloud-init[901]: ci-info: |   3   |    local    |    ::   |   enp0s3  |   U   |
[   13.838601] cloud-init[901]: ci-info: |   4   |   ff00::/8  |    ::   |   enp0s3  |   U   |
[   13.847004] cloud-init[901]: ci-info: +-------+-------------+---------+-----------+-------+
[   14.591408] cloud-init[901]: Generating public/private rsa key pair.
[   14.604520] cloud-init[901]: Your identification has been saved in /etc/ssh/ssh_host_rsa_key.
[   14.609234] cloud-init[901]: Your public key has been saved in /etc/ssh/ssh_host_rsa_key.pub.
[   14.625136] cloud-init[901]: The key fingerprint is:
[   14.630250] cloud-init[901]: SHA256:m/3YQ6kv+IhOAB8Wr11x/jqSj3BjbmK4HLRgkMVVBtg root@ubuntu-bionic
[   14.635232] cloud-init[901]: The key's randomart image is:
[   14.645520] cloud-init[901]: +---[RSA 2048]----+
[   14.649676] cloud-init[901]: | ..++oo . .      |
[   14.657966] cloud-init[901]: | oo E+   +       |
[   14.667671] cloud-init[901]: |o . o . . .      |
[   14.675010] cloud-init[901]: | . + + .   .     |
[   14.679061] [[0;32m  OK  [0m] Started Initial cloud-init job (metadata service crawler).cloud-init[901]: |  o = . S   ..   |
[   14.686846] cloud-init
[[0;32m  OK  [0m] Reached target Cloud-config availability.[901]: | . o o   = .o    |
[   14.694182] cloud-init[901]: 
[[0;32m  OK  [0m] Reached target System Initialization.
[[0;32m  OK  [0m] Listening on Open-iSCSI iscsid Socket.|    o.o O.+o     |
[[0;32m  OK  [0m] Listening on cloud-init hotplug hook socket.
[   14.714120] cloud-init[901]: |   ..oo*o*o=.    |
[[0;32m  OK  [0m] Started Daily apt download activities.
[[0;32m  OK  [0m
[   14.725719] cloud-init[901]: |    o+oo+.+o+.   |] Started Ubuntu Advantage Timer for running repeated jobs.
[[0;32m  OK  [0m
[   14.732976] cloud-init[901]: +----[SHA256]-----+
] Started Message of the Day.
[   14.738600] cloud-init[901]: Generating public/private dsa key pair.
[   14.743113] cloud-init[901]: Your identification has been saved in /etc/ssh/ssh_host_dsa_key.
[[0;32m  OK  [0m] Started ACPI Events Check.
[[0;32m  OK  [0m[   14.753106] cloud-init[901]: Your public key has been saved in /etc/ssh/ssh_host_dsa_key.pub.] Listening on D-Bus System Message Bus Socket.
[[0;32m  OK  [0m
[   14.760956] cloud-init[901]: The key fingerprint is:
] Reached target Paths.
[   14.766239]          Starting LXD - unix socket.
[[0;32m  OK  [0m] Started Daily Cleanup of Temporary Directories.cloud-init[901]: SHA256:4UJbtgtl531nt7SCKIsSg1NVcrnDihafSgWtpoEfJps root@ubuntu-bionic
[   14.776780] cloud-init[901]: The key's randomart image is:
[   14.780066] 
[[0;32m  OK  [0m] Started Discard unused blocks once a week.
         Starting Socket activation for snappy daemon.
[[0;32m  OK  [0mcloud-init[901]: +---[DSA 1024]----+
[   14.799294] cloud-init] Started Daily apt upgrade and clean activities.
[[0;32m  OK  [0m] Reached target Timers.
[[0;32m  OK  [0m[901]: |    ...o.        |
[   14.811141] cloud-init] Listening on ACPID Listen Socket.
[[0;32m  OK  [0m] [901]: |   . oo.         |
[   14.819019] cloud-initListening on UUID daemon activation socket.
[[0;32m  OK  [0m] Reached target Network is Online.[901]: |.   + o B .      |
[   14.826328] cloud-init[901]: |o.o= o @ = .     |

[   14.830034] cloud-init[901]:          Starting Availability of block devices...
[[0;32m  OK  [0m] Reached target Remote File Systems (Pre).
[[0;32m  OK  [0m] Reached target Remote File Systems.| **.= * S . . ..+|

[[0;32m  OK  [0m] Listening on LXD - unix socket.[   14.853559] cloud-init[901]: |E+.* + o .. ...o+|
[[0;32m  OK  [0m] Listening on Socket activation for snappy daemon.

[[   14.865100] cloud-init[901]: |  + +  ... . . o |
[   14.868095] [0;32m  OK  [0m] Started Availability of block devices.
[[0;32m  OK  [0m] Reached target Sockets.
[[0;32m  OK  [0m] Reached target Basic System.
cloud-init[901]: |   o  . o     .  |
         Starting Login Service...
[   14.890085] cloud-init[901]: |    .. .         |         Starting LSB: Record successful boot for GRUB...
         Starting LSB: automatic crash report generation...
[[0;32m  OK  [0m] Started D-Bus System Message Bus.

[   14.923061] cloud-init[901]: +----[SHA256]-----+
[   14.931892] cloud-init[901]: Generating public/private ecdsa key pair.
[   14.939457] cloud-init[901]: Your identification has been saved in /etc/ssh/ssh_host_ecdsa_key.
[   14.952131] cloud-init[901]: Your public key has been saved in /etc/ssh/ssh_host_ecdsa_key.pub.
[   14.964756] cloud-init[901]: The key fingerprint is:
[   14.976525] cloud-init         Starting Permit User Sessions...
         Starting Pollinate to seed the pseudo random number generator...
[901]:          Starting Accounts Service...SHA256:Jmf0k0KssKFv1FrwgHu7W9LlduEfWCdty1+rKYiEf5Y root@ubuntu-bionic
         Starting Virtualbox guest utils...

         Starting System Logging Service...
[   15.012778] cloud-init[901]: The key's randomart image is:
         Starting Snap Daemon...
[[0;32m  OK  [0m] Started FUSE filesystem for LXC.
[   15.039442] cloud-init[901]: +---[ECDSA 256]---+
[   15.057722] cloud-init[901]: |                 |
[   15.074139] cloud-init[901]: |   .   .         |
[   15.084006] cloud-init[901]: |  . =   +        |
[   15.095766] cloud-init[901]: |   o O + . . .   |
[[0;32m  OK  [0m] Reached target Login Prompts (Pre).
[   15.109898] cloud-init[901]: |  o + B S = o +  |
[   15.125365] cloud-init[901]: |   + * O o = = . |
[   15.138448] cloud-init[901]: |    * = + * . o .|
[   15.152485] cloud-init[901]: |   . + + E o ...o|
[   15.158067] cloud-init[901]: |    o.  o   oo...|
[   15.166993] cloud-init[901]: +----[SHA256]-----+
[   15.175261] cloud-init[901]: Generating public/private ed25519 key pair.
[   15.183310] cloud-init         Starting Dispatcher daemon for systemd-networkd...
[901]: Your identification has been saved in /etc/ssh/ssh_host_ed25519_key.
[   15.213950] cloud-init[901]: Your public key has been saved in /etc/ssh/ssh_host_ed25519_key.pub.
[   15.237818] cloud-init[901]: [[0;32m  OK  [0m] Started irqbalance daemon.
The key fingerprint is:
[   15.275955] cloud-init[901]: SHA256:bFxX3ljR86+bvhcnqwqXwiNsEiApafEJ341mb3dX4Yw root@ubuntu-bionic
[   15.294881] cloud-init[901]: The key's randomart image is:
[[0;32m  OK  [0m] Started Regular background program processing daemon.
[[0;32m  OK  [0m] Started Deferred execution scheduler.
         Starting LXD - container startup/shutdown...
[[0;32m  OK  [0m] Started System Logging Service.
[[0;32m  OK  [0m] Started Permit User Sessions.
[   15.351558] cloud-init[901]: [[0;32m  OK  [0m] Started Login Service.
+--[ED25519 256]--+
[   15.398120] cloud-init[901]: | o            .o+|
[   15.420166] cloud-init[901]: | o= o o      o+=o|
[   15.447584] cloud-init[901]: |=..+ = .  . .Eo++|
[   15.460763] cloud-init[901]: |o. .o .o . .  . .|
         Starting Authorization Manager...
[[   15.492441] cloud-init[0;32m  OK  [0m] Started Unattended Upgrades Shutdown.
[901]: |    .  oS. . .  .|
         Starting Terminate Plymouth Boot Screen...
         [   15.513439] Starting Hold until boot process finishes up...
[[0;32m  OK  [0m] Started Terminate Plymouth Boot Screen.
[[0;32m  OK  [0m] Started Hold until boot process finishes up.
         Starting Set console scheme...
[[0;32m  OK  [0m] Started Serial Getty on ttyS0.
[[0;32m  OK  [0m] Started LSB: automatic crash report generation.
cloud-init[901]: |     o.o. ... ..o|
[   15.592784] cloud-init[901]: |    . + = o    +o|
[   15.624083] [[0;32m  OK  [0m] Started Set console scheme.
[[0;32m  OK  [0m] Created slice system-getty.slice.
[cloud-init[0;32m  OK  [0m] Started Getty on tty1.
[[0;32m  OK  [0m[901]: |     o . =    o..|] Reached target Login Prompts.

[   15.682595] cloud-init[[0;32m  OK  [0m] Started LSB: Record successful boot for GRUB.
[901]: [[0;32m  OK  [0m] Started Authorization Manager.
|          ...o=+ |
[[0;32m  OK  [0m] Started Accounts Service.
[   15.735466] cloud-init[901]: +----[SHA256]-----+
[[0;32m  OK  [0m] Started LXD - container startup/shutdown.
[[0;32m  OK  [0m] Started Virtualbox guest utils.
[[0;32m  OK  [0m] Started Dispatcher daemon for systemd-networkd.
[[0;32m  OK  [0m] Started Snap Daemon.
         Starting Wait until snapd is fully seeded...
[[0;32m  OK  [0m] Started Pollinate to seed the pseudo random number generator.
         Starting OpenBSD Secure Shell server...
[[0;32m  OK  [0m] Started OpenBSD Secure Shell server.
         Starting Time & Date Service...
[[0;32m  OK  [0m] Started Time & Date Service.
[[0;32m  OK  [0m] Created slice User Slice of vagrant.
         Starting User Manager for UID 1000...
[[0;32m  OK  [0m] Started Session 1 of user vagrant.
[[0;32m  OK  [0m] Started User Manager for UID 1000.
[[0;32m  OK  [0m] Started Wait until snapd is fully seeded.
         Starting Apply the settings specified in cloud-config...
[   21.228609] cloud-init[1369]: Cloud-init v. 23.1.2-0ubuntu0~18.04.1 running 'modules:config' at Mon, 05 Aug 2024 00:16:54 +0000. Up 19.86 seconds.

Ubuntu 18.04.6 LTS ubuntu-bionic ttyS0

ubuntu-bionic login: ci-info: no authorized SSH keys fingerprints found for user ubuntu.
<14>Aug  5 00:16:57 cloud-init: #############################################################
<14>Aug  5 00:16:57 cloud-init: -----BEGIN SSH HOST KEY FINGERPRINTS-----
<14>Aug  5 00:16:57 cloud-init: 1024 SHA256:4UJbtgtl531nt7SCKIsSg1NVcrnDihafSgWtpoEfJps root@ubuntu-bionic (DSA)
<14>Aug  5 00:16:57 cloud-init: 256 SHA256:Jmf0k0KssKFv1FrwgHu7W9LlduEfWCdty1+rKYiEf5Y root@ubuntu-bionic (ECDSA)
<14>Aug  5 00:16:57 cloud-init: 256 SHA256:bFxX3ljR86+bvhcnqwqXwiNsEiApafEJ341mb3dX4Yw root@ubuntu-bionic (ED25519)
<14>Aug  5 00:16:57 cloud-init: 2048 SHA256:m/3YQ6kv+IhOAB8Wr11x/jqSj3BjbmK4HLRgkMVVBtg root@ubuntu-bionic (RSA)
<14>Aug  5 00:16:57 cloud-init: -----END SSH HOST KEY FINGERPRINTS-----
<14>Aug  5 00:16:57 cloud-init: #############################################################
-----BEGIN SSH HOST KEY KEYS-----
ecdsa-sha2-nistp256 AAAAE2VjZHNhLXNoYTItbmlzdHAyNTYAAAAIbmlzdHAyNTYAAABBBLw8+K32h4faIt0XGJjspcuwXQE+kkEqQ+/7in47moW4lom2Ef8GP2IHlfl1u9PPlQp5F5Wum6YaIOmmu4b3qQQ= root@ubuntu-bionic
ssh-ed25519 AAAAC3NzaC1lZDI1NTE5AAAAIIdWZ1qtTKjiMsODmRkDYpKz6NNkCHgH+OlQVlpHfUtl root@ubuntu-bionic
ssh-rsa AAAAB3NzaC1yc2EAAAADAQABAAABAQC8RIKYqBKfOAkEy89wnnpR8etRPOxPzJ2pWByAXDAVYYt3wgtpugCHZRqav2QVu2mBTfbvG13q9C65cKjIXnmwqr4ugU+fE+YW/vilCmnLftSp3I9tMIYVXxALRsNa5Hv7IxfFwbIFcesv6j8/SPkoGEV3JeWfN3U+enoBVjat1dx6yaAkA7hjl/cXOnUh4XLA49y7fYp/TYBS2BypbaiC4YmxSSPGov64nYkmVwxdq6j5ahTIKJlsG0XHqbD2S7htErVuJYGh5ENLI9yK7RYr4cvurO+k7gq3QrA8sG9RuFjItnpQuvC+0M8jcGU+zkDqJKnH30yZx4a1oSvEel+V root@ubuntu-bionic
-----END SSH HOST KEY KEYS-----
[   22.511647] cloud-init[1485]: Cloud-init v. 23.1.2-0ubuntu0~18.04.1 running 'modules:final' at Mon, 05 Aug 2024 00:16:57 +0000. Up 22.19 seconds.
[   22.531933] cloud-init[1485]: Cloud-init v. 23.1.2-0ubuntu0~18.04.1 finished at Mon, 05 Aug 2024 00:16:57 +0000. Datasource DataSourceNoCloud [seed=/dev/sdb][dsmode=net].  Up 22.50 seconds
